<?xml version="1.0" encoding="UTF-8"?>
<!-- Generated by org.testng.reporters.JUnitReportReporter -->
<testsuite skipped="0" hostname="DESKTOP-AL2CIG6" name="testCases.LoginApp" tests="1" failures="0" timestamp="2021-04-07T18:24:09 BDT" time="38.055" errors="0">
  <testcase name="login" time="38.055" classname="testCases.LoginApp"/>
  <system-out/>
</testsuite> <!-- testCases.LoginApp -->
